<?xml version="1.0" encoding="UTF-8"?>
<!-- Generated by org.testng.reporters.JUnitXMLReporter -->
<testsuite ignored="0" hostname="NAVDILRAJ" failures="0" tests="4" name="TestNG" time="36.533" errors="0" timestamp="2023-11-14T15:27:31 EST">
  <testcase classname="testLayer.LoginTest" name="Title" time="0.022"/>
  <testcase classname="testLayer.LoginTest" name="Login" time="0.2"/>
  <testcase classname="testLayer.LoginTest" name="Login" time="0.193"/>
  <testcase classname="testLayer.LoginTest" name="Login" time="0.181"/>
</testsuite> <!-- TestNG -->
