<?xml version="1.0" encoding="UTF-8"?>
<!-- Generated by org.testng.reporters.JUnitXMLReporter -->
<testsuite ignored="0" hostname="NAVDILRAJ" failures="0" tests="4" name="TestNG" time="53.224" errors="0" timestamp="2024-01-20T13:17:38 EST">
  <testcase classname="testLayer.LoginTest" name="Title" time="0.211"/>
  <testcase classname="testLayer.LoginTest" name="Login" time="0.923"/>
  <testcase classname="testLayer.LoginTest" name="Login" time="0.189"/>
  <testcase classname="testLayer.LoginTest" name="Login" time="0.205"/>
</testsuite> <!-- TestNG -->
