<?xml version="1.0" encoding="UTF-8"?>
<!-- Generated by org.testng.reporters.JUnitXMLReporter -->
<testsuite ignored="0" hostname="NAVDILRAJ" failures="0" tests="4" name="Default test" time="48.162" errors="0" timestamp="2023-11-14T15:21:11 EST">
  <testcase classname="testLayer.LoginTest" name="Title" time="0.021"/>
  <testcase classname="testLayer.LoginTest" name="Login" time="2.212"/>
  <testcase classname="testLayer.LoginTest" name="Login" time="2.204"/>
  <testcase classname="testLayer.LoginTest" name="Login" time="2.207"/>
</testsuite> <!-- Default test -->
