<?xml version="1.0" encoding="UTF-8"?>
<testng-results ignored="0" total="4" passed="4" failed="0" skipped="0">
  <reporter-output>
  </reporter-output>
  <suite started-at="2024-01-20T13:16:44 EST" name="OrangeHRM" finished-at="2024-01-20T13:17:38 EST" duration-ms="53224">
    <groups>
    </groups>
    <test started-at="2024-01-20T13:16:44 EST" name="TestNG" finished-at="2024-01-20T13:17:38 EST" duration-ms="53224">
      <class name="testLayer.LoginTest">
        <test-method is-config="true" signature="initsetup()[pri:0, instance:testLayer.LoginTest@6283d8b8]" started-at="2024-01-20T13:16:44 EST" name="initsetup" finished-at="2024-01-20T13:17:01 EST" duration-ms="16742" status="PASS">
          <reporter-output>
          </reporter-output>
        </test-method> <!-- initsetup -->
        <test-method signature="Title()[pri:1, instance:testLayer.LoginTest@6283d8b8]" started-at="2024-01-20T13:17:01 EST" name="Title" finished-at="2024-01-20T13:17:01 EST" duration-ms="211" status="PASS">
          <reporter-output>
          </reporter-output>
        </test-method> <!-- Title -->
        <test-method is-config="true" signature="close()[pri:0, instance:testLayer.LoginTest@6283d8b8]" started-at="2024-01-20T13:17:01 EST" name="close" finished-at="2024-01-20T13:17:02 EST" duration-ms="282" status="PASS">
          <reporter-output>
          </reporter-output>
        </test-method> <!-- close -->
        <test-method is-config="true" signature="initsetup()[pri:0, instance:testLayer.LoginTest@6283d8b8]" started-at="2024-01-20T13:17:05 EST" name="initsetup" finished-at="2024-01-20T13:17:15 EST" duration-ms="9829" status="PASS">
          <reporter-output>
          </reporter-output>
        </test-method> <!-- initsetup -->
        <test-method signature="Login(java.lang.String,java.lang.String)[pri:2, instance:testLayer.LoginTest@6283d8b8]" started-at="2024-01-20T13:17:15 EST" name="Login" data-provider="Mydata" finished-at="2024-01-20T13:17:16 EST" duration-ms="923" status="PASS">
          <params>
            <param index="0">
              <value>
                <![CDATA[Admin]]>
              </value>
            </param>
            <param index="1">
              <value>
                <![CDATA[admin123]]>
              </value>
            </param>
          </params>
          <reporter-output>
          </reporter-output>
        </test-method> <!-- Login -->
        <test-method is-config="true" signature="close()[pri:0, instance:testLayer.LoginTest@6283d8b8]" started-at="2024-01-20T13:17:16 EST" name="close" finished-at="2024-01-20T13:17:16 EST" duration-ms="200" status="PASS">
          <reporter-output>
          </reporter-output>
        </test-method> <!-- close -->
        <test-method is-config="true" signature="initsetup()[pri:0, instance:testLayer.LoginTest@6283d8b8]" started-at="2024-01-20T13:17:16 EST" name="initsetup" finished-at="2024-01-20T13:17:26 EST" duration-ms="9655" status="PASS">
          <reporter-output>
          </reporter-output>
        </test-method> <!-- initsetup -->
        <test-method signature="Login(java.lang.String,java.lang.String)[pri:2, instance:testLayer.LoginTest@6283d8b8]" started-at="2024-01-20T13:17:26 EST" name="Login" data-provider="Mydata" finished-at="2024-01-20T13:17:26 EST" duration-ms="189" status="PASS">
          <params>
            <param index="0">
              <value>
                <![CDATA[Lisa]]>
              </value>
            </param>
            <param index="1">
              <value>
                <![CDATA[admin123]]>
              </value>
            </param>
          </params>
          <reporter-output>
          </reporter-output>
        </test-method> <!-- Login -->
        <test-method is-config="true" signature="close()[pri:0, instance:testLayer.LoginTest@6283d8b8]" started-at="2024-01-20T13:17:26 EST" name="close" finished-at="2024-01-20T13:17:27 EST" duration-ms="387" status="PASS">
          <reporter-output>
          </reporter-output>
        </test-method> <!-- close -->
        <test-method is-config="true" signature="initsetup()[pri:0, instance:testLayer.LoginTest@6283d8b8]" started-at="2024-01-20T13:17:27 EST" name="initsetup" finished-at="2024-01-20T13:17:36 EST" duration-ms="8913" status="PASS">
          <reporter-output>
          </reporter-output>
        </test-method> <!-- initsetup -->
        <test-method signature="Login(java.lang.String,java.lang.String)[pri:2, instance:testLayer.LoginTest@6283d8b8]" started-at="2024-01-20T13:17:36 EST" name="Login" data-provider="Mydata" finished-at="2024-01-20T13:17:36 EST" duration-ms="205" status="PASS">
          <params>
            <param index="0">
              <value>
                <![CDATA[tommy]]>
              </value>
            </param>
            <param index="1">
              <value>
                <![CDATA[xyfaw62]]>
              </value>
            </param>
          </params>
          <reporter-output>
          </reporter-output>
        </test-method> <!-- Login -->
        <test-method is-config="true" signature="close()[pri:0, instance:testLayer.LoginTest@6283d8b8]" started-at="2024-01-20T13:17:36 EST" name="close" finished-at="2024-01-20T13:17:38 EST" duration-ms="1775" status="PASS">
          <reporter-output>
          </reporter-output>
        </test-method> <!-- close -->
      </class> <!-- testLayer.LoginTest -->
    </test> <!-- TestNG -->
  </suite> <!-- OrangeHRM -->
</testng-results>
