<?xml version="1.0" encoding="UTF-8"?>
<testng-results ignored="0" total="4" passed="4" failed="0" skipped="0">
  <reporter-output>
  </reporter-output>
  <suite started-at="2023-11-14T15:26:55 EST" name="OrangeHRM" finished-at="2023-11-14T15:27:31 EST" duration-ms="36533">
    <groups>
    </groups>
    <test started-at="2023-11-14T15:26:55 EST" name="TestNG" finished-at="2023-11-14T15:27:31 EST" duration-ms="36533">
      <class name="testLayer.LoginTest">
        <test-method is-config="true" signature="initsetup()[pri:0, instance:testLayer.LoginTest@6283d8b8]" started-at="2023-11-14T15:26:55 EST" name="initsetup" finished-at="2023-11-14T15:27:05 EST" duration-ms="9884" status="PASS">
          <reporter-output>
          </reporter-output>
        </test-method> <!-- initsetup -->
        <test-method signature="Title()[pri:1, instance:testLayer.LoginTest@6283d8b8]" started-at="2023-11-14T15:27:05 EST" name="Title" finished-at="2023-11-14T15:27:05 EST" duration-ms="22" status="PASS">
          <reporter-output>
          </reporter-output>
        </test-method> <!-- Title -->
        <test-method is-config="true" signature="close()[pri:0, instance:testLayer.LoginTest@6283d8b8]" started-at="2023-11-14T15:27:05 EST" name="close" finished-at="2023-11-14T15:27:05 EST" duration-ms="182" status="PASS">
          <reporter-output>
          </reporter-output>
        </test-method> <!-- close -->
        <test-method is-config="true" signature="initsetup()[pri:0, instance:testLayer.LoginTest@6283d8b8]" started-at="2023-11-14T15:27:07 EST" name="initsetup" finished-at="2023-11-14T15:27:15 EST" duration-ms="8411" status="PASS">
          <reporter-output>
          </reporter-output>
        </test-method> <!-- initsetup -->
        <test-method signature="Login(java.lang.String,java.lang.String)[pri:2, instance:testLayer.LoginTest@6283d8b8]" started-at="2023-11-14T15:27:15 EST" name="Login" data-provider="Mydata" finished-at="2023-11-14T15:27:16 EST" duration-ms="200" status="PASS">
          <params>
            <param index="0">
              <value>
                <![CDATA[Admin]]>
              </value>
            </param>
            <param index="1">
              <value>
                <![CDATA[admin123]]>
              </value>
            </param>
          </params>
          <reporter-output>
          </reporter-output>
        </test-method> <!-- Login -->
        <test-method is-config="true" signature="close()[pri:0, instance:testLayer.LoginTest@6283d8b8]" started-at="2023-11-14T15:27:16 EST" name="close" finished-at="2023-11-14T15:27:16 EST" duration-ms="230" status="PASS">
          <reporter-output>
          </reporter-output>
        </test-method> <!-- close -->
        <test-method is-config="true" signature="initsetup()[pri:0, instance:testLayer.LoginTest@6283d8b8]" started-at="2023-11-14T15:27:16 EST" name="initsetup" finished-at="2023-11-14T15:27:24 EST" duration-ms="8312" status="PASS">
          <reporter-output>
          </reporter-output>
        </test-method> <!-- initsetup -->
        <test-method signature="Login(java.lang.String,java.lang.String)[pri:2, instance:testLayer.LoginTest@6283d8b8]" started-at="2023-11-14T15:27:24 EST" name="Login" data-provider="Mydata" finished-at="2023-11-14T15:27:24 EST" duration-ms="193" status="PASS">
          <params>
            <param index="0">
              <value>
                <![CDATA[Lisa]]>
              </value>
            </param>
            <param index="1">
              <value>
                <![CDATA[admin123]]>
              </value>
            </param>
          </params>
          <reporter-output>
          </reporter-output>
        </test-method> <!-- Login -->
        <test-method is-config="true" signature="close()[pri:0, instance:testLayer.LoginTest@6283d8b8]" started-at="2023-11-14T15:27:24 EST" name="close" finished-at="2023-11-14T15:27:25 EST" duration-ms="309" status="PASS">
          <reporter-output>
          </reporter-output>
        </test-method> <!-- close -->
        <test-method is-config="true" signature="initsetup()[pri:0, instance:testLayer.LoginTest@6283d8b8]" started-at="2023-11-14T15:27:25 EST" name="initsetup" finished-at="2023-11-14T15:27:31 EST" duration-ms="6345" status="PASS">
          <reporter-output>
          </reporter-output>
        </test-method> <!-- initsetup -->
        <test-method signature="Login(java.lang.String,java.lang.String)[pri:2, instance:testLayer.LoginTest@6283d8b8]" started-at="2023-11-14T15:27:31 EST" name="Login" data-provider="Mydata" finished-at="2023-11-14T15:27:31 EST" duration-ms="181" status="PASS">
          <params>
            <param index="0">
              <value>
                <![CDATA[tommy]]>
              </value>
            </param>
            <param index="1">
              <value>
                <![CDATA[xyfaw62]]>
              </value>
            </param>
          </params>
          <reporter-output>
          </reporter-output>
        </test-method> <!-- Login -->
        <test-method is-config="true" signature="close()[pri:0, instance:testLayer.LoginTest@6283d8b8]" started-at="2023-11-14T15:27:31 EST" name="close" finished-at="2023-11-14T15:27:31 EST" duration-ms="283" status="PASS">
          <reporter-output>
          </reporter-output>
        </test-method> <!-- close -->
      </class> <!-- testLayer.LoginTest -->
    </test> <!-- TestNG -->
  </suite> <!-- OrangeHRM -->
</testng-results>
